2024-06-21 11:58:58.340  INFO 1 - [7878-exec-1] o.a.c.c.C.[.[localhost].[/]      : Initializing Spring DispatcherServlet 'dispatcherServlet' 
2024-06-21 11:58:58.412  INFO 1 - [7878-exec-1] o.s.w.s.DispatcherServlet        : Initializing Servlet 'dispatcherServlet' 
2024-06-21 11:58:58.522  INFO 1 - [7878-exec-1] o.s.w.s.DispatcherServlet        : Completed initialization in 110 ms 
2024-06-21 12:14:10.052  INFO 1 - [       main] com.epam.healenium.Application   : Starting Application using Java 17.0.8.1 on f8a4c5ad11cd with PID 1 (/healenium-backend.jar started by root in /) 
2024-06-21 12:14:10.072  INFO 1 - [       main] com.epam.healenium.Application   : No active profile set, falling back to 1 default profile: "default" 
2024-06-21 12:14:18.202  INFO 1 - [       main] .RepositoryConfigurationDelegate : Bootstrapping Spring Data JPA repositories in DEFAULT mode. 
2024-06-21 12:14:19.444  INFO 1 - [       main] .RepositoryConfigurationDelegate : Finished Spring Data repository scanning in 1139 ms. Found 4 JPA repository interfaces. 
2024-06-21 12:14:25.001  INFO 1 - [       main] o.s.b.w.e.t.TomcatWebServer      : Tomcat initialized with port(s): 7878 (http) 
2024-06-21 12:14:25.081  INFO 1 - [       main] o.a.c.core.StandardService       : Starting service [Tomcat] 
2024-06-21 12:14:25.089  INFO 1 - [       main] o.a.c.core.StandardEngine        : Starting Servlet engine: [Apache Tomcat/9.0.78] 
2024-06-21 12:14:25.963  INFO 1 - [       main] o.a.c.c.C.[.[localhost].[/]      : Initializing Spring embedded WebApplicationContext 
2024-06-21 12:14:25.975  INFO 1 - [       main] rvletWebServerApplicationContext : Root WebApplicationContext: initialization completed in 15694 ms 
2024-06-21 12:14:27.400  INFO 1 - [       main] c.z.hikari.HikariDataSource      : HikariPool-1 - Starting... 
2024-06-21 12:14:28.191  INFO 1 - [       main] c.z.hikari.HikariDataSource      : HikariPool-1 - Start completed. 
2024-06-21 12:14:29.046  INFO 1 - [       main] liquibase.database               : Set default schema name to healenium 
2024-06-21 12:14:29.834  INFO 1 - [       main] liquibase.lockservice            : Successfully acquired change log lock 
2024-06-21 12:14:34.264  INFO 1 - [       main] liquibase.changelog              : Reading from healenium.databasechangelog 
2024-06-21 12:14:34.728  INFO 1 - [       main] liquibase.changelog              : Reading from healenium.databasechangelog 
2024-06-21 12:14:34.789  INFO 1 - [       main] liquibase.util                   : UPDATE SUMMARY 
2024-06-21 12:14:34.804  INFO 1 - [       main] liquibase.util                   : Run:                          0 
2024-06-21 12:14:34.808  INFO 1 - [       main] liquibase.util                   : Previously run:              10 
2024-06-21 12:14:34.811  INFO 1 - [       main] liquibase.util                   : Filtered out:                 0 
2024-06-21 12:14:34.812  INFO 1 - [       main] liquibase.util                   : ------------------------------- 
2024-06-21 12:14:34.813  INFO 1 - [       main] liquibase.util                   : Total change sets:           10\n  
2024-06-21 12:14:34.817  INFO 1 - [       main] liquibase.util                   : Update summary generated 
2024-06-21 12:14:34.848  INFO 1 - [       main] liquibase.lockservice            : Successfully released change log lock 
2024-06-21 12:14:34.876  INFO 1 - [       main] liquibase.lockservice            : Successfully released change log lock 
2024-06-21 12:14:34.878  INFO 1 - [       main] liquibase.command                : Command execution complete 
2024-06-21 12:14:35.820  INFO 1 - [       main] o.h.j.internal.util.LogHelper    : HHH000204: Processing PersistenceUnitInfo [name: default] 
2024-06-21 12:14:36.339  INFO 1 - [       main] org.hibernate.Version            : HHH000412: Hibernate ORM core version 5.6.15.Final 
2024-06-21 12:14:37.913  INFO 1 - [       main] o.h.annotations.common.Version   : HCANN000001: Hibernate Commons Annotations {5.1.2.Final} 
2024-06-21 12:14:38.324  INFO 1 - [       main] org.hibernate.dialect.Dialect    : HHH000400: Using dialect: org.hibernate.dialect.PostgreSQLDialect 
2024-06-21 12:14:42.615  WARN 1 - [       main] o.h.m.internal.MetadataContext   : HHH015011: Unable to locate static metamodel field : com.epam.healenium.model.domain.Selector_#nodePathWrapper; this may or may not indicate a problem with the static metamodel 
2024-06-21 12:14:42.644  INFO 1 - [       main] h.e.t.j.p.i.JtaPlatformInitiator : HHH000490: Using JtaPlatform implementation: [org.hibernate.engine.transaction.jta.platform.internal.NoJtaPlatform] 
2024-06-21 12:14:42.698  INFO 1 - [       main] ontainerEntityManagerFactoryBean : Initialized JPA EntityManagerFactory for persistence unit 'default' 
2024-06-21 12:14:46.897  INFO 1 - [       main] .a.w.s.WelcomePageHandlerMapping : Adding welcome page template: index 
2024-06-21 12:14:48.606  INFO 1 - [       main] .s.b.a.e.w.EndpointLinksResolver : Exposing 1 endpoint(s) beneath base path '/actuator' 
2024-06-21 12:14:48.836  INFO 1 - [       main] o.s.b.w.e.t.TomcatWebServer      : Tomcat started on port(s): 7878 (http) with context path '' 
2024-06-21 12:14:49.274  INFO 1 - [       main] com.epam.healenium.Application   : Started Application in 44.692 seconds (JVM running for 48.038) 
2024-06-21 12:15:54.428  INFO 1 - [7878-exec-1] o.a.c.c.C.[.[localhost].[/]      : Initializing Spring DispatcherServlet 'dispatcherServlet' 
2024-06-21 12:15:54.429  INFO 1 - [7878-exec-1] o.s.w.s.DispatcherServlet        : Initializing Servlet 'dispatcherServlet' 
2024-06-21 12:15:54.432  INFO 1 - [7878-exec-1] o.s.w.s.DispatcherServlet        : Completed initialization in 3 ms 
2024-06-21 12:21:01.252  INFO 1 - [hutdownHook] ontainerEntityManagerFactoryBean : Closing JPA EntityManagerFactory for persistence unit 'default' 
2024-06-21 12:21:01.260  INFO 1 - [hutdownHook] c.z.hikari.HikariDataSource      : HikariPool-1 - Shutdown initiated... 
2024-06-21 12:21:01.284  INFO 1 - [hutdownHook] c.z.hikari.HikariDataSource      : HikariPool-1 - Shutdown completed. 
2024-06-21 12:21:33.778  INFO 1 - [       main] com.epam.healenium.Application   : Starting Application using Java 17.0.8.1 on 36a8ef0bfa64 with PID 1 (/healenium-backend.jar started by root in /) 
2024-06-21 12:21:33.800  INFO 1 - [       main] com.epam.healenium.Application   : No active profile set, falling back to 1 default profile: "default" 
2024-06-21 12:21:45.179  INFO 1 - [       main] .RepositoryConfigurationDelegate : Bootstrapping Spring Data JPA repositories in DEFAULT mode. 
2024-06-21 12:21:47.238  INFO 1 - [       main] .RepositoryConfigurationDelegate : Finished Spring Data repository scanning in 1970 ms. Found 4 JPA repository interfaces. 
2024-06-21 12:21:52.629  INFO 1 - [       main] o.s.b.w.e.t.TomcatWebServer      : Tomcat initialized with port(s): 7878 (http) 
2024-06-21 12:21:52.723  INFO 1 - [       main] o.a.c.core.StandardService       : Starting service [Tomcat] 
2024-06-21 12:21:52.724  INFO 1 - [       main] o.a.c.core.StandardEngine        : Starting Servlet engine: [Apache Tomcat/9.0.78] 
2024-06-21 12:21:53.204  INFO 1 - [       main] o.a.c.c.C.[.[localhost].[/]      : Initializing Spring embedded WebApplicationContext 
2024-06-21 12:21:53.205  INFO 1 - [       main] rvletWebServerApplicationContext : Root WebApplicationContext: initialization completed in 19033 ms 
2024-06-21 12:21:54.786  INFO 1 - [       main] c.z.hikari.HikariDataSource      : HikariPool-1 - Starting... 
2024-06-21 12:21:55.663  INFO 1 - [       main] c.z.hikari.HikariDataSource      : HikariPool-1 - Start completed. 
2024-06-21 12:21:56.472  INFO 1 - [       main] liquibase.database               : Set default schema name to healenium 
2024-06-21 12:21:57.143  INFO 1 - [       main] liquibase.lockservice            : Successfully acquired change log lock 
2024-06-21 12:22:01.160  INFO 1 - [       main] liquibase.changelog              : Creating database history table with name: healenium.databasechangelog 
2024-06-21 12:22:01.195  INFO 1 - [       main] liquibase.changelog              : Reading from healenium.databasechangelog 
2024-06-21 12:22:01.879  INFO 1 - [       main] liquibase.command                : Using deploymentId: 8961721210 
2024-06-21 12:22:01.897  INFO 1 - [       main] liquibase.changelog              : Reading from healenium.databasechangelog 
2024-06-21 12:22:02.167  INFO 1 - [       main] liquibase.changelog              : Sequence healing_result_seq created 
2024-06-21 12:22:02.171  INFO 1 - [       main] liquibase.changelog              : ChangeSet changelog/001_createSequence.xml::3::nkobzev ran successfully in 23ms 
2024-06-21 12:22:02.230  INFO 1 - [       main] liquibase.changelog              : Table SELECTOR created 
2024-06-21 12:22:02.233  INFO 1 - [       main] liquibase.changelog              : ChangeSet changelog/002_selector.xml::5::nkobzev ran successfully in 27ms 
2024-06-21 12:22:02.373  INFO 1 - [       main] liquibase.changelog              : Index SELECTOR_PK created 
2024-06-21 12:22:02.377  INFO 1 - [       main] liquibase.changelog              : ChangeSet changelog/002_selector.xml::6::nkobzev ran successfully in 125ms 
2024-06-21 12:22:02.421  INFO 1 - [       main] liquibase.changelog              : Table HEALING created 
2024-06-21 12:22:02.425  INFO 1 - [       main] liquibase.changelog              : ChangeSet changelog/003_healing.xml::7::nkobzev ran successfully in 19ms 
2024-06-21 12:22:02.526  INFO 1 - [       main] liquibase.changelog              : Index HEALING_PK created 
2024-06-21 12:22:02.541  INFO 1 - [       main] liquibase.changelog              : Foreign key constraint added to HEALING (SELECTOR_ID) 
2024-06-21 12:22:02.545  INFO 1 - [       main] liquibase.changelog              : ChangeSet changelog/003_healing.xml::8::nkobzev ran successfully in 91ms 
2024-06-21 12:22:02.593  INFO 1 - [       main] liquibase.changelog              : Table HEALING_RESULT created 
2024-06-21 12:22:02.597  INFO 1 - [       main] liquibase.changelog              : ChangeSet changelog/004_healingResult.xml::9::nkobzev ran successfully in 23ms 
2024-06-21 12:22:02.705  INFO 1 - [       main] liquibase.changelog              : Index HEALING_RESULT_PK created 
2024-06-21 12:22:02.713  INFO 1 - [       main] liquibase.changelog              : Foreign key constraint added to HEALING_RESULT (HEALING_ID) 
2024-06-21 12:22:02.717  INFO 1 - [       main] liquibase.changelog              : ChangeSet changelog/004_healingResult.xml::10::nkobzev ran successfully in 88ms 
2024-06-21 12:22:02.773  INFO 1 - [       main] liquibase.changelog              : Table REPORT created 
2024-06-21 12:22:02.777  INFO 1 - [       main] liquibase.changelog              : ChangeSet changelog/005_report.xml::11::nkobzev ran successfully in 22ms 
2024-06-21 12:22:02.877  INFO 1 - [       main] liquibase.changelog              : Index REPORT_PK created 
2024-06-21 12:22:02.881  INFO 1 - [       main] liquibase.changelog              : ChangeSet changelog/005_report.xml::12::nkobzev ran successfully in 88ms 
2024-06-21 12:22:02.910  INFO 1 - [       main] liquibase.changelog              : Columns COMMAND(VARCHAR(264)),ENABLE_HEALING(BOOLEAN) added to SELECTOR 
2024-06-21 12:22:02.917  INFO 1 - [       main] liquibase.changelog              : ChangeSet changelog/006_command_and_healingenable_column.xml::13::nkobzev ran successfully in 23ms 
2024-06-21 12:22:02.935  INFO 1 - [       main] liquibase.util                   : UPDATE SUMMARY 
2024-06-21 12:22:02.936  INFO 1 - [       main] liquibase.util                   : Run:                         10 
2024-06-21 12:22:02.936  INFO 1 - [       main] liquibase.util                   : Previously run:               0 
2024-06-21 12:22:02.937  INFO 1 - [       main] liquibase.util                   : Filtered out:                 0 
2024-06-21 12:22:02.948  INFO 1 - [       main] liquibase.util                   : ------------------------------- 
2024-06-21 12:22:02.949  INFO 1 - [       main] liquibase.util                   : Total change sets:           10\n  
2024-06-21 12:22:02.950  INFO 1 - [       main] liquibase.util                   : Update summary generated 
2024-06-21 12:22:02.951  INFO 1 - [       main] liquibase.command                : Update command completed successfully. 
2024-06-21 12:22:02.973  INFO 1 - [       main] liquibase.lockservice            : Successfully released change log lock 
2024-06-21 12:22:02.993  INFO 1 - [       main] liquibase.lockservice            : Successfully released change log lock 
2024-06-21 12:22:02.996  INFO 1 - [       main] liquibase.command                : Command execution complete 
2024-06-21 12:22:03.845  INFO 1 - [       main] o.h.j.internal.util.LogHelper    : HHH000204: Processing PersistenceUnitInfo [name: default] 
2024-06-21 12:22:04.167  INFO 1 - [       main] org.hibernate.Version            : HHH000412: Hibernate ORM core version 5.6.15.Final 
2024-06-21 12:22:05.481  INFO 1 - [       main] o.h.annotations.common.Version   : HCANN000001: Hibernate Commons Annotations {5.1.2.Final} 
2024-06-21 12:22:06.332  INFO 1 - [       main] org.hibernate.dialect.Dialect    : HHH000400: Using dialect: org.hibernate.dialect.PostgreSQLDialect 
2024-06-21 12:22:10.992  WARN 1 - [       main] o.h.m.internal.MetadataContext   : HHH015011: Unable to locate static metamodel field : com.epam.healenium.model.domain.Selector_#nodePathWrapper; this may or may not indicate a problem with the static metamodel 
2024-06-21 12:22:11.036  INFO 1 - [       main] h.e.t.j.p.i.JtaPlatformInitiator : HHH000490: Using JtaPlatform implementation: [org.hibernate.engine.transaction.jta.platform.internal.NoJtaPlatform] 
2024-06-21 12:22:11.097  INFO 1 - [       main] ontainerEntityManagerFactoryBean : Initialized JPA EntityManagerFactory for persistence unit 'default' 
2024-06-21 12:22:15.797  INFO 1 - [       main] .a.w.s.WelcomePageHandlerMapping : Adding welcome page template: index 
2024-06-21 12:22:17.681  INFO 1 - [       main] .s.b.a.e.w.EndpointLinksResolver : Exposing 1 endpoint(s) beneath base path '/actuator' 
2024-06-21 12:22:17.963  INFO 1 - [       main] o.s.b.w.e.t.TomcatWebServer      : Tomcat started on port(s): 7878 (http) with context path '' 
2024-06-21 12:22:18.458  INFO 1 - [       main] com.epam.healenium.Application   : Started Application in 57.935 seconds (JVM running for 70.439) 
2024-06-21 12:24:08.717  INFO 1 - [7878-exec-1] o.a.c.c.C.[.[localhost].[/]      : Initializing Spring DispatcherServlet 'dispatcherServlet' 
2024-06-21 12:24:08.719  INFO 1 - [7878-exec-1] o.s.w.s.DispatcherServlet        : Initializing Servlet 'dispatcherServlet' 
2024-06-21 12:24:08.725  INFO 1 - [7878-exec-1] o.s.w.s.DispatcherServlet        : Completed initialization in 6 ms 
2024-06-21 12:24:16.228  INFO 1 - [7878-exec-3] healenium                        : [Get Reference] Request: RequestDto(locator=//a[text()='Home'], className=com.epam.healenium.healenium_proxy.request.post.override.HealeniumFindElementPostRequest, methodName=findElement, command=findElement, url=http://192.168.29.100:3000/)) 
2024-06-21 12:24:16.748  INFO 1 - [7878-exec-4] healenium                        : [Save Elements] Request: By.xpath(//a[text()="Cart"]) 
2024-06-21 12:24:17.060  INFO 1 - [7878-exec-5] healenium                        : [Get Reference] Request: RequestDto(locator=//div[@class="productsWrapper"], className=com.epam.healenium.healenium_proxy.request.post.override.HealeniumFindElementPostRequest, methodName=findElement, command=findElement, url=http://192.168.29.100:3000/)) 
2024-06-21 12:24:17.294  INFO 1 - [7878-exec-6] healenium                        : [Save Elements] Request: By.xpath(//div[@class="custom-card"]) 
2024-06-21 12:24:18.029  INFO 1 - [7878-exec-7] healenium                        : [Save Elements] Request: By.xpath(//input[@name='email']) 
2024-06-21 12:24:18.908  INFO 1 - [7878-exec-8] healenium                        : [Save Elements] Request: By.xpath(//input[@name='password']) 
2024-06-21 12:24:19.546  INFO 1 - [7878-exec-9] healenium                        : [Save Elements] Request: By.xpath(//input[@name='address']) 
2024-06-21 12:24:20.180  INFO 1 - [878-exec-10] healenium                        : [Save Elements] Request: By.xpath(//input[@name='city']) 
2024-06-21 12:24:20.634  INFO 1 - [7878-exec-1] healenium                        : [Save Elements] Request: By.xpath(//input[@name='zip']) 
2024-06-21 12:24:21.156  INFO 1 - [7878-exec-2] healenium                        : [Save Elements] Request: By.xpath(//button[text()='Check out']) 
2024-06-21 12:24:21.487  INFO 1 - [7878-exec-3] healenium                        : [Save Elements] Request: By.xpath(//div[text()='Form is valid. Proceed with checkout.']) 
